\BOOKMARK [0][-]{section*.2}{\376\377\000H\000A\000L\000A\000M\000A\000N\000\040\000J\000U\000D\000U\000L}{}% 1
\BOOKMARK [0][-]{figure.caption.3}{\376\377\000H\000A\000L\000A\000M\000A\000N\000\040\000P\000E\000R\000N\000Y\000A\000T\000A\000A\000N\000\040\000O\000R\000I\000S\000I\000N\000A\000L\000I\000T\000A\000S}{}% 2
\BOOKMARK [0][-]{figure.caption.3}{\376\377\000H\000A\000L\000A\000M\000A\000N\000\040\000P\000E\000R\000N\000Y\000A\000T\000A\000A\000N\000\040\000P\000E\000N\000G\000G\000U\000N\000A\000A\000N\000\040\000K\000E\000C\000E\000R\000D\000A\000S\000A\000N\000\040\000A\000R\000T\000I\000F\000I\000S\000I\000A\000L}{}% 3
\BOOKMARK [0][-]{figure.caption.3}{\376\377\000H\000A\000L\000A\000M\000A\000N\000\040\000P\000E\000N\000G\000E\000S\000A\000H\000A\000N}{}% 4
\BOOKMARK [0][-]{figure.caption.3}{\376\377\000K\000a\000t\000a\000\040\000P\000e\000n\000g\000a\000n\000t\000a\000r}{}% 5
\BOOKMARK [0][-]{Item.8}{\376\377\000H\000A\000L\000A\000M\000A\000N\000\040\000P\000E\000R\000N\000Y\000A\000T\000A\000A\000N\000\040\000P\000E\000R\000S\000E\000T\000U\000J\000U\000A\000N\000\040\000P\000U\000B\000L\000I\000K\000A\000S\000I}{}% 6
\BOOKMARK [0][-]{Item.8}{\376\377\000A\000B\000S\000T\000R\000A\000K}{}% 7
\BOOKMARK [0][-]{Item.8}{\376\377\000A\000B\000S\000T\000R\000A\000C\000T}{}% 8
\BOOKMARK [0][-]{section*.4}{\376\377\000D\000a\000f\000t\000a\000r\000\040\000I\000s\000i}{}% 9
\BOOKMARK [0][-]{section*.5}{\376\377\000D\000a\000f\000t\000a\000r\000\040\000T\000a\000b\000e\000l}{}% 10
\BOOKMARK [0][-]{section*.6}{\376\377\000D\000a\000f\000t\000a\000r\000\040\000G\000a\000m\000b\000a\000r}{}% 11
\BOOKMARK [0][-]{section*.7}{\376\377\000D\000A\000F\000T\000A\000R\000\040\000P\000E\000R\000S\000A\000M\000A\000A\000N}{}% 12
\BOOKMARK [0][-]{section*.8}{\376\377\000D\000A\000F\000T\000A\000R\000\040\000N\000O\000T\000A\000S\000I}{}% 13
\BOOKMARK [0][-]{section*.9}{\376\377\000D\000a\000f\000t\000a\000r\000\040\000K\000o\000d\000e\000\040\000P\000r\000o\000g\000r\000a\000m}{}% 14
\BOOKMARK [0][-]{section*.10}{\376\377\000D\000a\000f\000t\000a\000r\000\040\000S\000i\000n\000g\000k\000a\000t\000a\000n}{}% 15
\BOOKMARK [0][-]{chapter.1}{\376\377\0001\000\040\000P\000e\000n\000d\000a\000h\000u\000l\000u\000a\000n}{}% 16
\BOOKMARK [1][-]{section.1.1}{\376\377\0001\000.\0001\000\040\000L\000a\000t\000a\000r\000\040\000B\000e\000l\000a\000k\000a\000n\000g}{chapter.1}% 17
\BOOKMARK [1][-]{section.1.2}{\376\377\0001\000.\0002\000\040\000R\000u\000m\000u\000s\000a\000n\000\040\000M\000a\000s\000a\000l\000a\000h}{chapter.1}% 18
\BOOKMARK [1][-]{section.1.3}{\376\377\0001\000.\0003\000\040\000T\000u\000j\000u\000a\000n\000\040\000P\000e\000n\000e\000l\000i\000t\000i\000a\000n}{chapter.1}% 19
\BOOKMARK [1][-]{section.1.4}{\376\377\0001\000.\0004\000\040\000M\000a\000n\000f\000a\000a\000t\000\040\000P\000e\000n\000e\000l\000i\000t\000i\000a\000n}{chapter.1}% 20
\BOOKMARK [1][-]{section.1.5}{\376\377\0001\000.\0005\000\040\000R\000u\000a\000n\000g\000\040\000L\000i\000n\000g\000k\000u\000p\000\040\000P\000e\000n\000e\000l\000i\000t\000i\000a\000n}{chapter.1}% 21
\BOOKMARK [1][-]{section.1.6}{\376\377\0001\000.\0006\000\040\000S\000i\000s\000t\000e\000m\000a\000t\000i\000k\000a\000\040\000P\000e\000n\000u\000l\000i\000s\000a\000n}{chapter.1}% 22
\BOOKMARK [0][-]{chapter.2}{\376\377\0002\000\040\000T\000i\000n\000j\000a\000u\000a\000n\000\040\000P\000u\000s\000t\000a\000k\000a}{}% 23
\BOOKMARK [1][-]{section.2.1}{\376\377\0002\000.\0001\000\040\000L\000a\000n\000d\000a\000s\000a\000n\000\040\000T\000e\000o\000r\000i}{chapter.2}% 24
\BOOKMARK [2][-]{subsection.2.1.1}{\376\377\0002\000.\0001\000.\0001\000\040\000S\000i\000n\000y\000a\000l\000\040\000E\000E\000G}{section.2.1}% 25
\BOOKMARK [2][-]{subsection.2.1.2}{\376\377\0002\000.\0001\000.\0002\000\040\000A\000k\000u\000i\000s\000i\000s\000i\000\040\000S\000i\000n\000y\000a\000l\000\040\000E\000E\000G}{section.2.1}% 26
\BOOKMARK [2][-]{subsection.2.1.3}{\376\377\0002\000.\0001\000.\0003\000\040\000P\000r\000a\000p\000e\000m\000r\000o\000s\000e\000s\000a\000n\000\040\000S\000i\000n\000y\000a\000l\000\040\000E\000E\000G}{section.2.1}% 27
\BOOKMARK [2][-]{subsection.2.1.4}{\376\377\0002\000.\0001\000.\0004\000\040\000F\000e\000a\000t\000u\000r\000e\000\040\000S\000e\000l\000e\000c\000t\000i\000o\000n\000\040\000m\000R\000M\000R}{section.2.1}% 28
\BOOKMARK [2][-]{subsection.2.1.5}{\376\377\0002\000.\0001\000.\0005\000\040\000M\000a\000c\000h\000i\000n\000e\000\040\000L\000e\000a\000r\000n\000i\000n\000g\000\040\000u\000n\000t\000u\000k\000\040\000K\000l\000a\000s\000i\000f\000i\000k\000a\000s\000i\000\040\000A\000S\000D\000\040\000B\000e\000r\000d\000a\000s\000a\000r\000k\000a\000n\000\040\000S\000i\000n\000y\000a\000l\000\040\000E\000E\000G}{section.2.1}% 29
\BOOKMARK [2][-]{subsection.2.1.6}{\376\377\0002\000.\0001\000.\0006\000\040\000A\000u\000g\000m\000e\000n\000t\000a\000s\000i\000\040\000D\000a\000t\000a\000\040\000E\000E\000G}{section.2.1}% 30
\BOOKMARK [2][-]{subsection.2.1.7}{\376\377\0002\000.\0001\000.\0007\000\040\000V\000a\000r\000i\000a\000t\000i\000o\000n\000a\000l\000\040\000A\000u\000t\000o\000\040\000E\000n\000c\000o\000d\000e\000r}{section.2.1}% 31
\BOOKMARK [1][-]{section.2.2}{\376\377\0002\000.\0002\000\040\000P\000e\000n\000e\000l\000i\000t\000i\000a\000n\000\040\000T\000e\000r\000d\000a\000h\000u\000l\000u}{chapter.2}% 32
\BOOKMARK [2][-]{subsection.2.2.1}{\376\377\0002\000.\0002\000.\0001\000\040\000K\000l\000a\000s\000i\000f\000i\000k\000a\000s\000i\000\040\000A\000S\000D\000\040\000B\000e\000r\000b\000a\000s\000i\000s\000\040\000E\000E\000G\000\040\000M\000e\000n\000g\000g\000u\000n\000a\000k\000a\000n\000\040\000m\000R\000M\000R\000\040\000d\000a\000n\000\040\000X\000G\000B\000o\000o\000s\000t}{section.2.2}% 33
\BOOKMARK [2][-]{subsection.2.2.2}{\376\377\0002\000.\0002\000.\0002\000\040\000A\000u\000g\000m\000e\000n\000t\000a\000s\000i\000\040\000D\000a\000t\000a\000\040\000p\000a\000d\000a\000\040\000S\000i\000n\000y\000a\000l\000\040\000E\000E\000G\000\040\000M\000e\000n\000g\000g\000u\000n\000a\000k\000a\000n\000\040\000V\000a\000r\000i\000a\000t\000i\000o\000n\000a\000l\000\040\000A\000u\000t\000o\000e\000n\000c\000o\000d\000e\000r}{section.2.2}% 34
\BOOKMARK [2][-]{subsection.2.2.3}{\376\377\0002\000.\0002\000.\0003\000\040\000D\000a\000t\000a\000s\000e\000t\000\040\000y\000a\000n\000g\000\040\000D\000i\000g\000u\000n\000a\000k\000a\000n}{section.2.2}% 35
\BOOKMARK [1][-]{section.2.3}{\376\377\0002\000.\0003\000\040\000F\000o\000k\000u\000s\000\040\000p\000a\000d\000a\000\040\000C\000e\000l\000a\000h\000\040\000P\000e\000n\000e\000l\000i\000t\000i\000a\000n}{chapter.2}% 36
\BOOKMARK [0][-]{chapter.3}{\376\377\0003\000\040\000P\000e\000r\000a\000n\000c\000a\000n\000g\000a\000n\000\040\000d\000a\000n\000\040\000I\000m\000p\000l\000e\000m\000e\000n\000t\000a\000s\000i\000\040\000S\000i\000s\000t\000e\000m\000\040\000d\000a\000n\000\040\000T\000e\000m\000p\000l\000a\000t}{}% 37
\BOOKMARK [1][-]{section.3.1}{\376\377\0003\000.\0001\000\040\000A\000n\000a\000l\000i\000s\000i\000s\000\040\000K\000e\000b\000u\000t\000u\000h\000a\000n\000\040\000S\000i\000s\000t\000e\000m}{chapter.3}% 38
\BOOKMARK [1][-]{section.3.2}{\376\377\0003\000.\0002\000\040\000P\000e\000r\000a\000n\000c\000a\000n\000g\000a\000n\000\040\000A\000r\000s\000i\000t\000e\000k\000t\000u\000r\000\040\000S\000i\000s\000t\000e\000m}{chapter.3}% 39
\BOOKMARK [2][-]{subsection.3.2.1}{\376\377\0003\000.\0002\000.\0001\000\040\000P\000r\000a\000-\000P\000e\000m\000r\000o\000s\000e\000s\000a\000n\000\040\000D\000a\000t\000a\000s\000e\000t}{section.3.2}% 40
\BOOKMARK [1][-]{section.3.3}{\376\377\0003\000.\0003\000\040\000D\000e\000t\000a\000i\000l\000\040\000I\000m\000p\000l\000e\000m\000e\000n\000t\000a\000s\000i\000\040\000d\000a\000n\000\040\000T\000e\000k\000n\000o\000l\000o\000g\000i}{chapter.3}% 41
\BOOKMARK [0][-]{section.3.3}{\376\377\000D\000a\000f\000t\000a\000r\000\040\000R\000e\000f\000e\000r\000e\000n\000s\000i}{}% 42
